<?xml version="1.0" encoding="UTF-8"?>
<!-- Generated by org.testng.reporters.JUnitXMLReporter -->
<testsuite ignored="0" hostname="LAPTOP-SS2VDIRB" failures="0" tests="10" name="Demoblaze_Test_Cases" time="54.508" errors="0" timestamp="2025-12-27T13:50:31 WIB">
  <testcase classname="com.praktikum.testing.otomation.tests.DemoblazeTestCases" name="testLoginSuccess" time="3.613"/>
  <testcase classname="com.praktikum.testing.otomation.tests.DemoblazeTestCases" name="testAddToCart" time="4.763"/>
  <testcase classname="com.praktikum.testing.otomation.tests.DemoblazeTestCases" name="testLoginAfterAddingProduct" time="8.731"/>
  <testcase classname="com.praktikum.testing.otomation.tests.DemoblazeTestCases" name="testCheckoutValidData" time="8.007"/>
  <testcase classname="com.praktikum.testing.otomation.tests.DemoblazeTestCases" name="testLoginWithWrongPassword" time="1.93"/>
  <testcase classname="com.praktikum.testing.otomation.tests.DemoblazeTestCases" name="testLoginWithEmptyUsername" time="1.475"/>
  <testcase classname="com.praktikum.testing.otomation.tests.DemoblazeTestCases" name="testDuplicateRegistration" time="2.314"/>
  <testcase classname="com.praktikum.testing.otomation.tests.DemoblazeTestCases" name="testCheckoutWithoutLogin" time="3.658"/>
  <testcase classname="com.praktikum.testing.otomation.tests.DemoblazeTestCases" name="testCheckoutWithEmptyName" time="7.923"/>
  <testcase classname="com.praktikum.testing.otomation.tests.DemoblazeTestCases" name="testPlaceOrderWithEmptyCart" time="2.055"/>
</testsuite> <!-- Demoblaze_Test_Cases -->
