<?xml version="1.0" encoding="UTF-8"?>
<!-- Generated by org.testng.reporters.JUnitReportReporter -->
<testsuite hostname="LAPTOP-SS2VDIRB" failures="0" tests="10" name="com.praktikum.testing.otomation.tests.DemoblazeTestCases" time="54.432" errors="0" timestamp="2025-12-27T13:50:31 WIB" skipped="0">
  <testcase classname="com.praktikum.testing.otomation.tests.DemoblazeTestCases" name="testLoginSuccess" time="4.498"/>
  <testcase classname="com.praktikum.testing.otomation.tests.DemoblazeTestCases" name="testAddToCart" time="5.672"/>
  <testcase classname="com.praktikum.testing.otomation.tests.DemoblazeTestCases" name="testLoginAfterAddingProduct" time="9.640"/>
  <testcase classname="com.praktikum.testing.otomation.tests.DemoblazeTestCases" name="testCheckoutValidData" time="8.830"/>
  <testcase classname="com.praktikum.testing.otomation.tests.DemoblazeTestCases" name="testLoginWithWrongPassword" time="3.836"/>
  <testcase classname="com.praktikum.testing.otomation.tests.DemoblazeTestCases" name="testLoginWithEmptyUsername" time="2.294"/>
  <testcase classname="com.praktikum.testing.otomation.tests.DemoblazeTestCases" name="testDuplicateRegistration" time="3.104"/>
  <testcase classname="com.praktikum.testing.otomation.tests.DemoblazeTestCases" name="testCheckoutWithoutLogin" time="4.884"/>
  <testcase classname="com.praktikum.testing.otomation.tests.DemoblazeTestCases" name="testCheckoutWithEmptyName" time="8.805"/>
  <testcase classname="com.praktikum.testing.otomation.tests.DemoblazeTestCases" name="testPlaceOrderWithEmptyCart" time="2.869"/>
</testsuite> <!-- com.praktikum.testing.otomation.tests.DemoblazeTestCases -->
